<?xml version="1.0" encoding="UTF-8"?>
<!-- Generated by org.testng.reporters.JUnitReportReporter -->
<testsuite skipped="0" hostname="Lenovo-PC" name="com.testrunner.TestRunner" tests="8" failures="0" timestamp="25 Sep 2020 08:16:47 GMT" time="145.481" errors="0">
  <testcase name="runScenario" time="17.443" classname="com.testrunner.TestRunner"/>
  <testcase name="runScenario" time="15.640" classname="com.testrunner.TestRunner"/>
  <testcase name="runScenario" time="27.278" classname="com.testrunner.TestRunner"/>
  <testcase name="runScenario" time="13.680" classname="com.testrunner.TestRunner"/>
  <testcase name="runScenario" time="12.966" classname="com.testrunner.TestRunner"/>
  <testcase name="runScenario" time="14.702" classname="com.testrunner.TestRunner"/>
  <testcase name="runScenario" time="27.346" classname="com.testrunner.TestRunner"/>
  <testcase name="runScenario" time="16.426" classname="com.testrunner.TestRunner"/>
</testsuite> <!-- com.testrunner.TestRunner -->
