<?xml version="1.0" encoding="UTF-8" ?>
<testsuite tests="8" failures="0" name="com.testrunner.TestRunner" time="150.376" errors="0" skipped="0">
  <properties>
    <property name="java.runtime.name" value="Java(TM) SE Runtime Environment"/>
    <property name="sun.boot.library.path" value="C:\Program Files\Java\jdk1.8.0_77\jre\bin"/>
    <property name="java.vm.version" value="25.77-b03"/>
    <property name="java.vm.vendor" value="Oracle Corporation"/>
    <property name="maven.multiModuleProjectDirectory" value="D:\nhs"/>
    <property name="java.vendor.url" value="http://java.oracle.com/"/>
    <property name="path.separator" value=";"/>
    <property name="guice.disable.misplaced.annotation.check" value="true"/>
    <property name="java.vm.name" value="Java HotSpot(TM) 64-Bit Server VM"/>
    <property name="file.encoding.pkg" value="sun.io"/>
    <property name="user.script" value=""/>
    <property name="user.country" value="GB"/>
    <property name="sun.java.launcher" value="SUN_STANDARD"/>
    <property name="sun.os.patch.level" value=""/>
    <property name="java.vm.specification.name" value="Java Virtual Machine Specification"/>
    <property name="user.dir" value="D:\nhs"/>
    <property name="java.runtime.version" value="1.8.0_77-b03"/>
    <property name="java.awt.graphicsenv" value="sun.awt.Win32GraphicsEnvironment"/>
    <property name="java.endorsed.dirs" value="C:\Program Files\Java\jdk1.8.0_77\jre\lib\endorsed"/>
    <property name="os.arch" value="amd64"/>
    <property name="java.io.tmpdir" value="C:\Users\madhavi\AppData\Local\Temp\"/>
    <property name="line.separator" value="
"/>
    <property name="java.vm.specification.vendor" value="Oracle Corporation"/>
    <property name="user.variant" value=""/>
    <property name="os.name" value="Windows 10"/>
    <property name="tests" value="TestRunner"/>
    <property name="classworlds.conf" value="D:\SOFTWARES\Maven\apache-maven-3.5.0\bin\..\bin\m2.conf"/>
    <property name="sun.jnu.encoding" value="Cp1252"/>
    <property name="java.library.path" value="C:\Program Files\Java\jdk1.8.0_77\bin;C:\WINDOWS\Sun\Java\bin;C:\WINDOWS\system32;C:\WINDOWS;C:\oraclexe\app\oracle\product\10.2.0\server\bin;C:\Program Files (x86)\Lenovo\FusionEngine;C:\Program Files (x86)\Intel\iCLS Client\;C:\Program Files\Intel\iCLS Client\;C:\WINDOWS\system32;C:\WINDOWS;C:\WINDOWS\System32\Wbem;C:\WINDOWS\System32\WindowsPowerShell\v1.0\;C:\Program Files\Intel\Intel(R) Management Engine Components\DAL;C:\Program Files\Intel\Intel(R) Management Engine Components\IPT;C:\Program Files (x86)\Intel\Intel(R) Management Engine Components\DAL;C:\Program Files (x86)\Intel\Intel(R) Management Engine Components\IPT;C:\Program Files (x86)\Lenovo\Motion Control\;C:\Program Files (x86)\Common Files\lenovo\easyplussdk\bin;C:\Program Files\Git\cmd;C:\Program Files\Java\jdk1.8.0_77\bin;C:\Program Files (x86)\PuTTY\;D:\SOFTWARES\Maven\apache-maven-3.5.0\bin;C:\Program Files\MySQL\MySQL Utilities 1.6\;C:\WINDOWS\System32\OpenSSH\;C:\Users\madhavi\AppData\Local\Microsoft\WindowsApps;;."/>
    <property name="maven.conf" value="D:\SOFTWARES\Maven\apache-maven-3.5.0\bin\../conf"/>
    <property name="java.specification.name" value="Java Platform API Specification"/>
    <property name="java.class.version" value="52.0"/>
    <property name="sun.management.compiler" value="HotSpot 64-Bit Tiered Compilers"/>
    <property name="os.version" value="10.0"/>
    <property name="library.jansi.path" value="D:\SOFTWARES\Maven\apache-maven-3.5.0\bin\..\lib\jansi-native\windows64"/>
    <property name="user.home" value="C:\Users\madhavi"/>
    <property name="user.timezone" value="Europe/London"/>
    <property name="java.awt.printerjob" value="sun.awt.windows.WPrinterJob"/>
    <property name="java.specification.version" value="1.8"/>
    <property name="file.encoding" value="Cp1252"/>
    <property name="user.name" value="madhavi"/>
    <property name="java.class.path" value="D:\SOFTWARES\Maven\apache-maven-3.5.0\bin\..\boot\plexus-classworlds-2.5.2.jar"/>
    <property name="java.vm.specification.version" value="1.8"/>
    <property name="sun.arch.data.model" value="64"/>
    <property name="java.home" value="C:\Program Files\Java\jdk1.8.0_77\jre"/>
    <property name="sun.java.command" value="org.codehaus.plexus.classworlds.launcher.Launcher clean install -Dtests=TestRunner"/>
    <property name="java.specification.vendor" value="Oracle Corporation"/>
    <property name="user.language" value="en"/>
    <property name="awt.toolkit" value="sun.awt.windows.WToolkit"/>
    <property name="java.vm.info" value="mixed mode"/>
    <property name="java.version" value="1.8.0_77"/>
    <property name="java.ext.dirs" value="C:\Program Files\Java\jdk1.8.0_77\jre\lib\ext;C:\WINDOWS\Sun\Java\lib\ext"/>
    <property name="sun.boot.class.path" value="C:\Program Files\Java\jdk1.8.0_77\jre\lib\resources.jar;C:\Program Files\Java\jdk1.8.0_77\jre\lib\rt.jar;C:\Program Files\Java\jdk1.8.0_77\jre\lib\sunrsasign.jar;C:\Program Files\Java\jdk1.8.0_77\jre\lib\jsse.jar;C:\Program Files\Java\jdk1.8.0_77\jre\lib\jce.jar;C:\Program Files\Java\jdk1.8.0_77\jre\lib\charsets.jar;C:\Program Files\Java\jdk1.8.0_77\jre\lib\jfr.jar;C:\Program Files\Java\jdk1.8.0_77\jre\classes"/>
    <property name="sun.stderr.encoding" value="cp850"/>
    <property name="java.vendor" value="Oracle Corporation"/>
    <property name="maven.home" value="D:\SOFTWARES\Maven\apache-maven-3.5.0\bin\.."/>
    <property name="file.separator" value="\"/>
    <property name="java.vendor.url.bug" value="http://bugreport.sun.com/bugreport/"/>
    <property name="sun.cpu.endian" value="little"/>
    <property name="sun.io.unicode.encoding" value="UnicodeLittle"/>
    <property name="sun.stdout.encoding" value="cp850"/>
    <property name="sun.desktop" value="windows"/>
    <property name="sun.cpu.isalist" value="amd64"/>
  </properties>
  <testcase classname="com.testrunner.TestRunner" name="runScenario" time="29.489"/>
  <testcase classname="com.testrunner.TestRunner" name="runScenario" time="18.471"/>
  <testcase classname="com.testrunner.TestRunner" name="runScenario" time="13.419"/>
  <testcase classname="com.testrunner.TestRunner" name="runScenario" time="17.264"/>
  <testcase classname="com.testrunner.TestRunner" name="runScenario" time="29.65"/>
  <testcase classname="com.testrunner.TestRunner" name="runScenario" time="14.354"/>
  <testcase classname="com.testrunner.TestRunner" name="runScenario" time="14.033"/>
  <testcase classname="com.testrunner.TestRunner" name="runScenario" time="13.696"/>
</testsuite>