<?xml version="1.0" encoding="UTF-8"?>
<!-- Generated by org.testng.reporters.JUnitReportReporter -->
<testsuite skipped="0" hostname="Lenovo-PC" name="com.testrunner.TestRunner" tests="8" failures="0" timestamp="25 Sep 2020 08:12:50 GMT" time="150.377" errors="0">
  <testcase name="runScenario" time="29.655" classname="com.testrunner.TestRunner"/>
  <testcase name="runScenario" time="13.690" classname="com.testrunner.TestRunner"/>
  <testcase name="runScenario" time="14.033" classname="com.testrunner.TestRunner"/>
  <testcase name="runScenario" time="29.469" classname="com.testrunner.TestRunner"/>
  <testcase name="runScenario" time="17.257" classname="com.testrunner.TestRunner"/>
  <testcase name="runScenario" time="18.491" classname="com.testrunner.TestRunner"/>
  <testcase name="runScenario" time="13.420" classname="com.testrunner.TestRunner"/>
  <testcase name="runScenario" time="14.362" classname="com.testrunner.TestRunner"/>
</testsuite> <!-- com.testrunner.TestRunner -->
